[ 2017-06-22T08:27:43+08:00 ] 192.168.1.19 /
INFO: [ app_begin ] --START--
INFO: Run Behavior\ReadHtmlCache [ RunTime:0.000993s ]
INFO: [ app_begin ] --END-- [ RunTime:0.002410s ]
NOTIC: [2] Missing argument 1 for Think\Controller::show(), called in E:\phpstudy\WWW\zhuangxiu\Application\Home\Controller\IndexController.class.php on line 7 and defined E:\phpstudy\WWW\zhuangxiu\ThinkPHP\Library\Think\Controller.class.php 第 68 行.
NOTIC: [8] Undefined variable: content E:\phpstudy\WWW\zhuangxiu\ThinkPHP\Library\Think\Controller.class.php 第 69 行.
INFO: [ view_parse ] --START--
INFO: [ template_filter ] --START--
INFO: Run Behavior\ContentReplace [ RunTime:0.000101s ]
INFO: [ template_filter ] --END-- [ RunTime:0.000187s ]
NOTIC: [8] Undefined variable: num E:\phpstudy\WWW\zhuangxiu\Application\Runtime\Cache\Home\2a94b8bda04ff446dcedd42276fc99ee.php 第 84 行.
NOTIC: [8] Undefined variable: num E:\phpstudy\WWW\zhuangxiu\Application\Runtime\Cache\Home\2a94b8bda04ff446dcedd42276fc99ee.php 第 84 行.
NOTIC: [8] Undefined variable: num E:\phpstudy\WWW\zhuangxiu\Application\Runtime\Cache\Home\2a94b8bda04ff446dcedd42276fc99ee.php 第 85 行.
NOTIC: [8] Undefined variable: num E:\phpstudy\WWW\zhuangxiu\Application\Runtime\Cache\Home\2a94b8bda04ff446dcedd42276fc99ee.php 第 86 行.
NOTIC: [8] Undefined variable: num E:\phpstudy\WWW\zhuangxiu\Application\Runtime\Cache\Home\2a94b8bda04ff446dcedd42276fc99ee.php 第 87 行.
NOTIC: [8] Undefined variable: num E:\phpstudy\WWW\zhuangxiu\Application\Runtime\Cache\Home\2a94b8bda04ff446dcedd42276fc99ee.php 第 109 行.
NOTIC: [8] Undefined variable: num E:\phpstudy\WWW\zhuangxiu\Application\Runtime\Cache\Home\2a94b8bda04ff446dcedd42276fc99ee.php 第 109 行.
NOTIC: [8] Undefined variable: num E:\phpstudy\WWW\zhuangxiu\Application\Runtime\Cache\Home\2a94b8bda04ff446dcedd42276fc99ee.php 第 110 行.
NOTIC: [8] Undefined variable: num E:\phpstudy\WWW\zhuangxiu\Application\Runtime\Cache\Home\2a94b8bda04ff446dcedd42276fc99ee.php 第 111 行.
NOTIC: [8] Undefined variable: num E:\phpstudy\WWW\zhuangxiu\Application\Runtime\Cache\Home\2a94b8bda04ff446dcedd42276fc99ee.php 第 112 行.
INFO: Run Behavior\ParseTemplate [ RunTime:0.019243s ]
INFO: [ view_parse ] --END-- [ RunTime:0.019343s ]
INFO: [ view_filter ] --START--
INFO: Run Behavior\WriteHtmlCache [ RunTime:0.001083s ]
INFO: [ view_filter ] --END-- [ RunTime:0.001191s ]
INFO: [ app_end ] --START--
INFO: Run Behavior\ShowPageTrace [ RunTime:0.003398s ]
INFO: [ app_end ] --END-- [ RunTime:0.003625s ]

[ 2017-06-22T08:36:18+08:00 ] 192.168.1.19 /index.php/Home/Index/num/num/2.html
INFO: [ app_begin ] --START--
INFO: Run Behavior\ReadHtmlCache [ RunTime:0.000734s ]
INFO: [ app_begin ] --END-- [ RunTime:0.001276s ]
NOTIC: [8] Use of undefined constant example - assumed 'example' E:\phpstudy\WWW\zhuangxiu\Application\Home\Controller\IndexController.class.php 第 17 行.
INFO: [ view_parse ] --START--
INFO: [ template_filter ] --START--
INFO: Run Behavior\ContentReplace [ RunTime:0.000076s ]
INFO: [ template_filter ] --END-- [ RunTime:0.000174s ]
INFO: Run Behavior\ParseTemplate [ RunTime:0.012359s ]
INFO: [ view_parse ] --END-- [ RunTime:0.012465s ]
INFO: [ view_filter ] --START--
INFO: Run Behavior\WriteHtmlCache [ RunTime:0.000781s ]
INFO: [ view_filter ] --END-- [ RunTime:0.000851s ]
INFO: [ app_end ] --START--
INFO: Run Behavior\ShowPageTrace [ RunTime:0.000767s ]
INFO: [ app_end ] --END-- [ RunTime:0.000868s ]

[ 2017-06-22T08:36:22+08:00 ] 192.168.1.19 /index.php/Home/Index/num/num/3.html
INFO: [ app_begin ] --START--
INFO: Run Behavior\ReadHtmlCache [ RunTime:0.000758s ]
INFO: [ app_begin ] --END-- [ RunTime:0.001299s ]
NOTIC: [8] Use of undefined constant about - assumed 'about' E:\phpstudy\WWW\zhuangxiu\Application\Home\Controller\IndexController.class.php 第 21 行.
INFO: [ view_parse ] --START--
INFO: [ template_filter ] --START--
INFO: Run Behavior\ContentReplace [ RunTime:0.000075s ]
INFO: [ template_filter ] --END-- [ RunTime:0.000161s ]
INFO: Run Behavior\ParseTemplate [ RunTime:0.012329s ]
INFO: [ view_parse ] --END-- [ RunTime:0.012420s ]
INFO: [ view_filter ] --START--
INFO: Run Behavior\WriteHtmlCache [ RunTime:0.000445s ]
INFO: [ view_filter ] --END-- [ RunTime:0.000508s ]
INFO: [ app_end ] --START--
INFO: Run Behavior\ShowPageTrace [ RunTime:0.000729s ]
INFO: [ app_end ] --END-- [ RunTime:0.000820s ]

[ 2017-06-22T08:36:25+08:00 ] 192.168.1.19 /index.php/Home/Index/num/num/4.html
INFO: [ app_begin ] --START--
INFO: Run Behavior\ReadHtmlCache [ RunTime:0.000719s ]
INFO: [ app_begin ] --END-- [ RunTime:0.001202s ]
NOTIC: [8] Use of undefined constant contact - assumed 'contact' E:\phpstudy\WWW\zhuangxiu\Application\Home\Controller\IndexController.class.php 第 25 行.
INFO: [ view_parse ] --START--
INFO: [ template_filter ] --START--
INFO: Run Behavior\ContentReplace [ RunTime:0.000070s ]
INFO: [ template_filter ] --END-- [ RunTime:0.000171s ]
INFO: Run Behavior\ParseTemplate [ RunTime:0.015634s ]
INFO: [ view_parse ] --END-- [ RunTime:0.015732s ]
INFO: [ view_filter ] --START--
INFO: Run Behavior\WriteHtmlCache [ RunTime:0.000476s ]
INFO: [ view_filter ] --END-- [ RunTime:0.000542s ]
INFO: [ app_end ] --START--
INFO: Run Behavior\ShowPageTrace [ RunTime:0.000770s ]
INFO: [ app_end ] --END-- [ RunTime:0.000851s ]

[ 2017-06-22T08:36:28+08:00 ] 192.168.1.19 /index.php/Home/Index/num/num/2.html
INFO: [ app_begin ] --START--
INFO: Run Behavior\ReadHtmlCache [ RunTime:0.000506s ]
INFO: [ app_begin ] --END-- [ RunTime:0.000909s ]
NOTIC: [8] Use of undefined constant example - assumed 'example' E:\phpstudy\WWW\zhuangxiu\Application\Home\Controller\IndexController.class.php 第 17 行.
INFO: [ view_parse ] --START--
INFO: [ template_filter ] --START--
INFO: Run Behavior\ContentReplace [ RunTime:0.000075s ]
INFO: [ template_filter ] --END-- [ RunTime:0.000161s ]
INFO: Run Behavior\ParseTemplate [ RunTime:0.010426s ]
INFO: [ view_parse ] --END-- [ RunTime:0.010556s ]
INFO: [ view_filter ] --START--
INFO: Run Behavior\WriteHtmlCache [ RunTime:0.000524s ]
INFO: [ view_filter ] --END-- [ RunTime:0.000641s ]
INFO: [ app_end ] --START--
INFO: Run Behavior\ShowPageTrace [ RunTime:0.000932s ]
INFO: [ app_end ] --END-- [ RunTime:0.001042s ]

[ 2017-06-22T08:37:21+08:00 ] 192.168.1.19 /index.php/Home/Index/num/num/2.html
INFO: [ app_begin ] --START--
INFO: Run Behavior\ReadHtmlCache [ RunTime:0.000501s ]
INFO: [ app_begin ] --END-- [ RunTime:0.000894s ]
NOTIC: [8] Use of undefined constant example - assumed 'example' E:\phpstudy\WWW\zhuangxiu\Application\Home\Controller\IndexController.class.php 第 17 行.
INFO: [ view_parse ] --START--
INFO: [ template_filter ] --START--
INFO: Run Behavior\ContentReplace [ RunTime:0.000103s ]
INFO: [ template_filter ] --END-- [ RunTime:0.000230s ]
INFO: Run Behavior\ParseTemplate [ RunTime:0.010966s ]
INFO: [ view_parse ] --END-- [ RunTime:0.011118s ]
INFO: [ view_filter ] --START--
INFO: Run Behavior\WriteHtmlCache [ RunTime:0.000330s ]
INFO: [ view_filter ] --END-- [ RunTime:0.000396s ]
INFO: [ app_end ] --START--
INFO: Run Behavior\ShowPageTrace [ RunTime:0.000594s ]
INFO: [ app_end ] --END-- [ RunTime:0.000678s ]

[ 2017-06-22T08:42:45+08:00 ] 192.168.1.19 /index.php/Home/Index/num/num/2.html
INFO: [ app_begin ] --START--
INFO: Run Behavior\ReadHtmlCache [ RunTime:0.000727s ]
INFO: [ app_begin ] --END-- [ RunTime:0.001258s ]
NOTIC: [8] Use of undefined constant example - assumed 'example' E:\phpstudy\WWW\zhuangxiu\Application\Home\Controller\IndexController.class.php 第 17 行.
INFO: [ view_parse ] --START--
INFO: [ template_filter ] --START--
INFO: Run Behavior\ContentReplace [ RunTime:0.000081s ]
INFO: [ template_filter ] --END-- [ RunTime:0.000189s ]
INFO: Run Behavior\ParseTemplate [ RunTime:0.016284s ]
INFO: [ view_parse ] --END-- [ RunTime:0.016442s ]
INFO: [ view_filter ] --START--
INFO: Run Behavior\WriteHtmlCache [ RunTime:0.000509s ]
INFO: [ view_filter ] --END-- [ RunTime:0.000593s ]
INFO: [ app_end ] --START--
INFO: Run Behavior\ShowPageTrace [ RunTime:0.000742s ]
INFO: [ app_end ] --END-- [ RunTime:0.000826s ]

[ 2017-06-22T08:43:28+08:00 ] 192.168.1.19 /index.php/Home/Index/num/num/2.html
INFO: [ app_begin ] --START--
INFO: Run Behavior\ReadHtmlCache [ RunTime:0.002120s ]
INFO: [ app_begin ] --END-- [ RunTime:0.003497s ]
NOTIC: [8] Use of undefined constant example - assumed 'example' E:\phpstudy\WWW\zhuangxiu\Application\Home\Controller\IndexController.class.php 第 17 行.
INFO: [ view_parse ] --START--
INFO: [ template_filter ] --START--
INFO: Run Behavior\ContentReplace [ RunTime:0.000097s ]
INFO: [ template_filter ] --END-- [ RunTime:0.000228s ]
INFO: Run Behavior\ParseTemplate [ RunTime:0.014797s ]
INFO: [ view_parse ] --END-- [ RunTime:0.014983s ]
INFO: [ view_filter ] --START--
INFO: Run Behavior\WriteHtmlCache [ RunTime:0.000712s ]
INFO: [ view_filter ] --END-- [ RunTime:0.000823s ]
INFO: [ app_end ] --START--
INFO: Run Behavior\ShowPageTrace [ RunTime:0.001358s ]
INFO: [ app_end ] --END-- [ RunTime:0.001494s ]

[ 2017-06-22T08:44:52+08:00 ] 192.168.1.19 /index.php/Home/Index/num/num/2.html
INFO: [ app_begin ] --START--
INFO: Run Behavior\ReadHtmlCache [ RunTime:0.000597s ]
INFO: [ app_begin ] --END-- [ RunTime:0.001029s ]
NOTIC: [8] Use of undefined constant example - assumed 'example' E:\phpstudy\WWW\zhuangxiu\Application\Home\Controller\IndexController.class.php 第 17 行.
INFO: [ view_parse ] --START--
INFO: [ template_filter ] --START--
INFO: Run Behavior\ContentReplace [ RunTime:0.000198s ]
INFO: [ template_filter ] --END-- [ RunTime:0.000344s ]
INFO: Run Behavior\ParseTemplate [ RunTime:0.015302s ]
INFO: [ view_parse ] --END-- [ RunTime:0.015414s ]
INFO: [ view_filter ] --START--
INFO: Run Behavior\WriteHtmlCache [ RunTime:0.000446s ]
INFO: [ view_filter ] --END-- [ RunTime:0.000531s ]
INFO: [ app_end ] --START--
INFO: Run Behavior\ShowPageTrace [ RunTime:0.000767s ]
INFO: [ app_end ] --END-- [ RunTime:0.000863s ]

[ 2017-06-22T08:45:09+08:00 ] 192.168.1.19 /index.php/Home/Index/num/num/2.html
INFO: [ app_begin ] --START--
INFO: Run Behavior\ReadHtmlCache [ RunTime:0.000988s ]
INFO: [ app_begin ] --END-- [ RunTime:0.001719s ]
NOTIC: [8] Use of undefined constant example - assumed 'example' E:\phpstudy\WWW\zhuangxiu\Application\Home\Controller\IndexController.class.php 第 17 行.
INFO: [ view_parse ] --START--
INFO: [ template_filter ] --START--
INFO: Run Behavior\ContentReplace [ RunTime:0.000088s ]
INFO: [ template_filter ] --END-- [ RunTime:0.000198s ]
INFO: Run Behavior\ParseTemplate [ RunTime:0.011701s ]
INFO: [ view_parse ] --END-- [ RunTime:0.011891s ]
INFO: [ view_filter ] --START--
INFO: Run Behavior\WriteHtmlCache [ RunTime:0.000502s ]
INFO: [ view_filter ] --END-- [ RunTime:0.000638s ]
INFO: [ app_end ] --START--
INFO: Run Behavior\ShowPageTrace [ RunTime:0.000953s ]
INFO: [ app_end ] --END-- [ RunTime:0.001114s ]

[ 2017-06-22T08:46:35+08:00 ] 192.168.1.19 /index.php/Home/Index/num/num/2.html
INFO: [ app_begin ] --START--
INFO: Run Behavior\ReadHtmlCache [ RunTime:0.000962s ]
INFO: [ app_begin ] --END-- [ RunTime:0.001570s ]
NOTIC: [8] Use of undefined constant example - assumed 'example' E:\phpstudy\WWW\zhuangxiu\Application\Home\Controller\IndexController.class.php 第 17 行.
INFO: [ view_parse ] --START--
INFO: [ template_filter ] --START--
INFO: Run Behavior\ContentReplace [ RunTime:0.000081s ]
INFO: [ template_filter ] --END-- [ RunTime:0.000237s ]
INFO: Run Behavior\ParseTemplate [ RunTime:0.013144s ]
INFO: [ view_parse ] --END-- [ RunTime:0.013268s ]
INFO: [ view_filter ] --START--
INFO: Run Behavior\WriteHtmlCache [ RunTime:0.000450s ]
INFO: [ view_filter ] --END-- [ RunTime:0.000513s ]
INFO: [ app_end ] --START--
INFO: Run Behavior\ShowPageTrace [ RunTime:0.000781s ]
INFO: [ app_end ] --END-- [ RunTime:0.000876s ]

[ 2017-06-22T08:48:01+08:00 ] 192.168.1.19 /index.php/Home/Index/num/num/2.html
INFO: [ app_begin ] --START--
INFO: Run Behavior\ReadHtmlCache [ RunTime:0.000485s ]
INFO: [ app_begin ] --END-- [ RunTime:0.000876s ]
NOTIC: [8] Use of undefined constant example - assumed 'example' E:\phpstudy\WWW\zhuangxiu\Application\Home\Controller\IndexController.class.php 第 17 行.
INFO: [ view_parse ] --START--
INFO: [ template_filter ] --START--
INFO: Run Behavior\ContentReplace [ RunTime:0.000149s ]
INFO: [ template_filter ] --END-- [ RunTime:0.000261s ]
INFO: Run Behavior\ParseTemplate [ RunTime:0.010552s ]
INFO: [ view_parse ] --END-- [ RunTime:0.010650s ]
INFO: [ view_filter ] --START--
INFO: Run Behavior\WriteHtmlCache [ RunTime:0.000283s ]
INFO: [ view_filter ] --END-- [ RunTime:0.000344s ]
INFO: [ app_end ] --START--
INFO: Run Behavior\ShowPageTrace [ RunTime:0.000677s ]
INFO: [ app_end ] --END-- [ RunTime:0.000762s ]

[ 2017-06-22T08:48:30+08:00 ] 192.168.1.19 /index.php/Home/Index/num/num/2.html
INFO: [ app_begin ] --START--
INFO: Run Behavior\ReadHtmlCache [ RunTime:0.001139s ]
INFO: [ app_begin ] --END-- [ RunTime:0.001949s ]
NOTIC: [8] Use of undefined constant example - assumed 'example' E:\phpstudy\WWW\zhuangxiu\Application\Home\Controller\IndexController.class.php 第 17 行.
INFO: [ view_parse ] --START--
INFO: [ template_filter ] --START--
INFO: Run Behavior\ContentReplace [ RunTime:0.000101s ]
INFO: [ template_filter ] --END-- [ RunTime:0.000204s ]
INFO: Run Behavior\ParseTemplate [ RunTime:0.015514s ]
INFO: [ view_parse ] --END-- [ RunTime:0.015783s ]
INFO: [ view_filter ] --START--
INFO: Run Behavior\WriteHtmlCache [ RunTime:0.000824s ]
INFO: [ view_filter ] --END-- [ RunTime:0.000932s ]
INFO: [ app_end ] --START--
INFO: Run Behavior\ShowPageTrace [ RunTime:0.001823s ]
INFO: [ app_end ] --END-- [ RunTime:0.002036s ]

[ 2017-06-22T08:48:41+08:00 ] 192.168.1.19 /index.php/Home/Index/num/num/2.html
INFO: [ app_begin ] --START--
INFO: Run Behavior\ReadHtmlCache [ RunTime:0.000498s ]
INFO: [ app_begin ] --END-- [ RunTime:0.000893s ]
NOTIC: [8] Use of undefined constant example - assumed 'example' E:\phpstudy\WWW\zhuangxiu\Application\Home\Controller\IndexController.class.php 第 17 行.
INFO: [ view_parse ] --START--
INFO: [ template_filter ] --START--
INFO: Run Behavior\ContentReplace [ RunTime:0.000079s ]
INFO: [ template_filter ] --END-- [ RunTime:0.000165s ]
INFO: Run Behavior\ParseTemplate [ RunTime:0.014257s ]
INFO: [ view_parse ] --END-- [ RunTime:0.014351s ]
INFO: [ view_filter ] --START--
INFO: Run Behavior\WriteHtmlCache [ RunTime:0.000318s ]
INFO: [ view_filter ] --END-- [ RunTime:0.000379s ]
INFO: [ app_end ] --START--
INFO: Run Behavior\ShowPageTrace [ RunTime:0.000712s ]
INFO: [ app_end ] --END-- [ RunTime:0.000799s ]

[ 2017-06-22T08:49:21+08:00 ] 192.168.1.19 /index.php/Home/Index/num/num/2.html
INFO: [ app_begin ] --START--
INFO: Run Behavior\ReadHtmlCache [ RunTime:0.000520s ]
INFO: [ app_begin ] --END-- [ RunTime:0.000902s ]
NOTIC: [8] Use of undefined constant example - assumed 'example' E:\phpstudy\WWW\zhuangxiu\Application\Home\Controller\IndexController.class.php 第 17 行.
INFO: [ view_parse ] --START--
INFO: [ template_filter ] --START--
INFO: Run Behavior\ContentReplace [ RunTime:0.000078s ]
INFO: [ template_filter ] --END-- [ RunTime:0.000165s ]
INFO: Run Behavior\ParseTemplate [ RunTime:0.011980s ]
INFO: [ view_parse ] --END-- [ RunTime:0.012069s ]
INFO: [ view_filter ] --START--
INFO: Run Behavior\WriteHtmlCache [ RunTime:0.000275s ]
INFO: [ view_filter ] --END-- [ RunTime:0.000337s ]
INFO: [ app_end ] --START--
INFO: Run Behavior\ShowPageTrace [ RunTime:0.000570s ]
INFO: [ app_end ] --END-- [ RunTime:0.000649s ]

[ 2017-06-22T08:49:51+08:00 ] 192.168.1.19 /index.php/Home/Index/num/num/2.html
INFO: [ app_begin ] --START--
INFO: Run Behavior\ReadHtmlCache [ RunTime:0.001199s ]
INFO: [ app_begin ] --END-- [ RunTime:0.001896s ]
NOTIC: [8] Use of undefined constant example - assumed 'example' E:\phpstudy\WWW\zhuangxiu\Application\Home\Controller\IndexController.class.php 第 17 行.
INFO: [ view_parse ] --START--
INFO: [ template_filter ] --START--
INFO: Run Behavior\ContentReplace [ RunTime:0.000077s ]
INFO: [ template_filter ] --END-- [ RunTime:0.000156s ]
INFO: Run Behavior\ParseTemplate [ RunTime:0.011616s ]
INFO: [ view_parse ] --END-- [ RunTime:0.011786s ]
INFO: [ view_filter ] --START--
INFO: Run Behavior\WriteHtmlCache [ RunTime:0.000956s ]
INFO: [ view_filter ] --END-- [ RunTime:0.001053s ]
INFO: [ app_end ] --START--
INFO: Run Behavior\ShowPageTrace [ RunTime:0.001211s ]
INFO: [ app_end ] --END-- [ RunTime:0.001331s ]

[ 2017-06-22T08:51:29+08:00 ] 192.168.1.19 /index.php/Home/Index/num/num/2.html
INFO: [ app_begin ] --START--
INFO: Run Behavior\ReadHtmlCache [ RunTime:0.000713s ]
INFO: [ app_begin ] --END-- [ RunTime:0.001214s ]
NOTIC: [8] Use of undefined constant example - assumed 'example' E:\phpstudy\WWW\zhuangxiu\Application\Home\Controller\IndexController.class.php 第 17 行.
INFO: [ view_parse ] --START--
INFO: [ template_filter ] --START--
INFO: Run Behavior\ContentReplace [ RunTime:0.000080s ]
INFO: [ template_filter ] --END-- [ RunTime:0.000167s ]
INFO: Run Behavior\ParseTemplate [ RunTime:0.012039s ]
INFO: [ view_parse ] --END-- [ RunTime:0.012161s ]
INFO: [ view_filter ] --START--
INFO: Run Behavior\WriteHtmlCache [ RunTime:0.000459s ]
INFO: [ view_filter ] --END-- [ RunTime:0.000524s ]
INFO: [ app_end ] --START--
INFO: Run Behavior\ShowPageTrace [ RunTime:0.000744s ]
INFO: [ app_end ] --END-- [ RunTime:0.000827s ]

[ 2017-06-22T08:51:42+08:00 ] 192.168.1.19 /index.php/Home/Index/num/num/2.html
INFO: [ app_begin ] --START--
INFO: Run Behavior\ReadHtmlCache [ RunTime:0.000734s ]
INFO: [ app_begin ] --END-- [ RunTime:0.001198s ]
NOTIC: [8] Use of undefined constant example - assumed 'example' E:\phpstudy\WWW\zhuangxiu\Application\Home\Controller\IndexController.class.php 第 17 行.
INFO: [ view_parse ] --START--
INFO: [ template_filter ] --START--
INFO: Run Behavior\ContentReplace [ RunTime:0.000096s ]
INFO: [ template_filter ] --END-- [ RunTime:0.000186s ]
INFO: Run Behavior\ParseTemplate [ RunTime:0.011977s ]
INFO: [ view_parse ] --END-- [ RunTime:0.012069s ]
INFO: [ view_filter ] --START--
INFO: Run Behavior\WriteHtmlCache [ RunTime:0.000440s ]
INFO: [ view_filter ] --END-- [ RunTime:0.000504s ]
INFO: [ app_end ] --START--
INFO: Run Behavior\ShowPageTrace [ RunTime:0.000822s ]
INFO: [ app_end ] --END-- [ RunTime:0.000921s ]

[ 2017-06-22T08:52:56+08:00 ] 192.168.1.19 /index.php/Home/Index/num/num/2.html
INFO: [ app_begin ] --START--
INFO: Run Behavior\ReadHtmlCache [ RunTime:0.000490s ]
INFO: [ app_begin ] --END-- [ RunTime:0.000954s ]
NOTIC: [8] Use of undefined constant example - assumed 'example' E:\phpstudy\WWW\zhuangxiu\Application\Home\Controller\IndexController.class.php 第 17 行.
INFO: [ view_parse ] --START--
INFO: [ template_filter ] --START--
INFO: Run Behavior\ContentReplace [ RunTime:0.000085s ]
INFO: [ template_filter ] --END-- [ RunTime:0.000198s ]
INFO: Run Behavior\ParseTemplate [ RunTime:0.011502s ]
INFO: [ view_parse ] --END-- [ RunTime:0.011601s ]
INFO: [ view_filter ] --START--
INFO: Run Behavior\WriteHtmlCache [ RunTime:0.000293s ]
INFO: [ view_filter ] --END-- [ RunTime:0.000356s ]
INFO: [ app_end ] --START--
INFO: Run Behavior\ShowPageTrace [ RunTime:0.000599s ]
INFO: [ app_end ] --END-- [ RunTime:0.000680s ]

[ 2017-06-22T08:55:37+08:00 ] 192.168.1.19 /index.php/Home/Index/num/num/2.html
INFO: [ app_begin ] --START--
INFO: Run Behavior\ReadHtmlCache [ RunTime:0.000766s ]
INFO: [ app_begin ] --END-- [ RunTime:0.001276s ]
NOTIC: [8] Use of undefined constant example - assumed 'example' E:\phpstudy\WWW\zhuangxiu\Application\Home\Controller\IndexController.class.php 第 17 行.
INFO: [ view_parse ] --START--
INFO: [ template_filter ] --START--
INFO: Run Behavior\ContentReplace [ RunTime:0.000084s ]
INFO: [ template_filter ] --END-- [ RunTime:0.000173s ]
INFO: Run Behavior\ParseTemplate [ RunTime:0.014390s ]
INFO: [ view_parse ] --END-- [ RunTime:0.014486s ]
INFO: [ view_filter ] --START--
INFO: Run Behavior\WriteHtmlCache [ RunTime:0.000452s ]
INFO: [ view_filter ] --END-- [ RunTime:0.000514s ]
INFO: [ app_end ] --START--
INFO: Run Behavior\ShowPageTrace [ RunTime:0.000901s ]
INFO: [ app_end ] --END-- [ RunTime:0.001007s ]

[ 2017-06-22T08:56:15+08:00 ] 192.168.1.19 /index.php/Home/Index/num/num/2.html
INFO: [ app_begin ] --START--
INFO: Run Behavior\ReadHtmlCache [ RunTime:0.000931s ]
INFO: [ app_begin ] --END-- [ RunTime:0.001690s ]
NOTIC: [8] Use of undefined constant example - assumed 'example' E:\phpstudy\WWW\zhuangxiu\Application\Home\Controller\IndexController.class.php 第 17 行.
INFO: [ view_parse ] --START--
INFO: [ template_filter ] --START--
INFO: Run Behavior\ContentReplace [ RunTime:0.000077s ]
INFO: [ template_filter ] --END-- [ RunTime:0.000163s ]
INFO: Run Behavior\ParseTemplate [ RunTime:0.010479s ]
INFO: [ view_parse ] --END-- [ RunTime:0.010633s ]
INFO: [ view_filter ] --START--
INFO: Run Behavior\WriteHtmlCache [ RunTime:0.000296s ]
INFO: [ view_filter ] --END-- [ RunTime:0.000358s ]
INFO: [ app_end ] --START--
INFO: Run Behavior\ShowPageTrace [ RunTime:0.000562s ]
INFO: [ app_end ] --END-- [ RunTime:0.000656s ]

[ 2017-06-22T08:56:34+08:00 ] 192.168.1.19 /index.php/Home/Index/num/num/2.html
INFO: [ app_begin ] --START--
INFO: Run Behavior\ReadHtmlCache [ RunTime:0.000619s ]
INFO: [ app_begin ] --END-- [ RunTime:0.001164s ]
NOTIC: [8] Use of undefined constant example - assumed 'example' E:\phpstudy\WWW\zhuangxiu\Application\Home\Controller\IndexController.class.php 第 17 行.
INFO: [ view_parse ] --START--
INFO: [ template_filter ] --START--
INFO: Run Behavior\ContentReplace [ RunTime:0.000080s ]
INFO: [ template_filter ] --END-- [ RunTime:0.000160s ]
INFO: Run Behavior\ParseTemplate [ RunTime:0.009955s ]
INFO: [ view_parse ] --END-- [ RunTime:0.010088s ]
INFO: [ view_filter ] --START--
INFO: Run Behavior\WriteHtmlCache [ RunTime:0.000281s ]
INFO: [ view_filter ] --END-- [ RunTime:0.000358s ]
INFO: [ app_end ] --START--
INFO: Run Behavior\ShowPageTrace [ RunTime:0.000694s ]
INFO: [ app_end ] --END-- [ RunTime:0.000782s ]

[ 2017-06-22T08:56:56+08:00 ] 192.168.1.19 /index.php/Home/Index/num/num/2.html
INFO: [ app_begin ] --START--
INFO: Run Behavior\ReadHtmlCache [ RunTime:0.000495s ]
INFO: [ app_begin ] --END-- [ RunTime:0.000900s ]
NOTIC: [8] Use of undefined constant example - assumed 'example' E:\phpstudy\WWW\zhuangxiu\Application\Home\Controller\IndexController.class.php 第 17 行.
INFO: [ view_parse ] --START--
INFO: [ template_filter ] --START--
INFO: Run Behavior\ContentReplace [ RunTime:0.000083s ]
INFO: [ template_filter ] --END-- [ RunTime:0.000179s ]
INFO: Run Behavior\ParseTemplate [ RunTime:0.012233s ]
INFO: [ view_parse ] --END-- [ RunTime:0.012351s ]
INFO: [ view_filter ] --START--
INFO: Run Behavior\WriteHtmlCache [ RunTime:0.000295s ]
INFO: [ view_filter ] --END-- [ RunTime:0.000356s ]
INFO: [ app_end ] --START--
INFO: Run Behavior\ShowPageTrace [ RunTime:0.000599s ]
INFO: [ app_end ] --END-- [ RunTime:0.000703s ]

[ 2017-06-22T08:57:38+08:00 ] 192.168.1.19 /index.php/Home/Index/num/num/2.html
INFO: [ app_begin ] --START--
INFO: Run Behavior\ReadHtmlCache [ RunTime:0.000836s ]
INFO: [ app_begin ] --END-- [ RunTime:0.001546s ]
NOTIC: [8] Use of undefined constant example - assumed 'example' E:\phpstudy\WWW\zhuangxiu\Application\Home\Controller\IndexController.class.php 第 17 行.
INFO: [ view_parse ] --START--
INFO: [ template_filter ] --START--
INFO: Run Behavior\ContentReplace [ RunTime:0.000080s ]
INFO: [ template_filter ] --END-- [ RunTime:0.000170s ]
INFO: Run Behavior\ParseTemplate [ RunTime:0.013748s ]
INFO: [ view_parse ] --END-- [ RunTime:0.013851s ]
INFO: [ view_filter ] --START--
INFO: Run Behavior\WriteHtmlCache [ RunTime:0.000483s ]
INFO: [ view_filter ] --END-- [ RunTime:0.000546s ]
INFO: [ app_end ] --START--
INFO: Run Behavior\ShowPageTrace [ RunTime:0.000753s ]
INFO: [ app_end ] --END-- [ RunTime:0.000851s ]

[ 2017-06-22T08:58:49+08:00 ] 192.168.1.19 /index.php/Home/Index/num/num/2.html
INFO: [ app_begin ] --START--
INFO: Run Behavior\ReadHtmlCache [ RunTime:0.000568s ]
INFO: [ app_begin ] --END-- [ RunTime:0.001045s ]
NOTIC: [8] Use of undefined constant example - assumed 'example' E:\phpstudy\WWW\zhuangxiu\Application\Home\Controller\IndexController.class.php 第 17 行.
INFO: [ view_parse ] --START--
INFO: [ template_filter ] --START--
INFO: Run Behavior\ContentReplace [ RunTime:0.000079s ]
INFO: [ template_filter ] --END-- [ RunTime:0.000167s ]
INFO: Run Behavior\ParseTemplate [ RunTime:0.011693s ]
INFO: [ view_parse ] --END-- [ RunTime:0.011849s ]
INFO: [ view_filter ] --START--
INFO: Run Behavior\WriteHtmlCache [ RunTime:0.000281s ]
INFO: [ view_filter ] --END-- [ RunTime:0.000345s ]
INFO: [ app_end ] --START--
INFO: Run Behavior\ShowPageTrace [ RunTime:0.000569s ]
INFO: [ app_end ] --END-- [ RunTime:0.000652s ]

[ 2017-06-22T09:01:28+08:00 ] 192.168.1.19 /index.php/Home/Index/num/num/2.html
INFO: [ app_begin ] --START--
INFO: Run Behavior\ReadHtmlCache [ RunTime:0.000876s ]
INFO: [ app_begin ] --END-- [ RunTime:0.001828s ]
NOTIC: [8] Use of undefined constant example - assumed 'example' E:\phpstudy\WWW\zhuangxiu\Application\Home\Controller\IndexController.class.php 第 17 行.
INFO: [ view_parse ] --START--
INFO: [ template_filter ] --START--
INFO: Run Behavior\ContentReplace [ RunTime:0.000081s ]
INFO: [ template_filter ] --END-- [ RunTime:0.000169s ]
INFO: Run Behavior\ParseTemplate [ RunTime:0.013585s ]
INFO: [ view_parse ] --END-- [ RunTime:0.013720s ]
INFO: [ view_filter ] --START--
INFO: Run Behavior\WriteHtmlCache [ RunTime:0.000505s ]
INFO: [ view_filter ] --END-- [ RunTime:0.000567s ]
INFO: [ app_end ] --START--
INFO: Run Behavior\ShowPageTrace [ RunTime:0.000831s ]
INFO: [ app_end ] --END-- [ RunTime:0.000915s ]

[ 2017-06-22T09:02:25+08:00 ] 192.168.1.19 /index.php/Home/Index/num/num/2.html
INFO: [ app_begin ] --START--
INFO: Run Behavior\ReadHtmlCache [ RunTime:0.000488s ]
INFO: [ app_begin ] --END-- [ RunTime:0.000910s ]
NOTIC: [8] Use of undefined constant example - assumed 'example' E:\phpstudy\WWW\zhuangxiu\Application\Home\Controller\IndexController.class.php 第 17 行.
INFO: [ view_parse ] --START--
INFO: [ template_filter ] --START--
INFO: Run Behavior\ContentReplace [ RunTime:0.000083s ]
INFO: [ template_filter ] --END-- [ RunTime:0.000197s ]
INFO: Run Behavior\ParseTemplate [ RunTime:0.012524s ]
INFO: [ view_parse ] --END-- [ RunTime:0.012619s ]
INFO: [ view_filter ] --START--
INFO: Run Behavior\WriteHtmlCache [ RunTime:0.000278s ]
INFO: [ view_filter ] --END-- [ RunTime:0.000339s ]
INFO: [ app_end ] --START--
INFO: Run Behavior\ShowPageTrace [ RunTime:0.000577s ]
INFO: [ app_end ] --END-- [ RunTime:0.000658s ]

[ 2017-06-22T09:03:57+08:00 ] 192.168.1.19 /index.php/Home/Index/num/num/2.html
INFO: [ app_begin ] --START--
INFO: Run Behavior\ReadHtmlCache [ RunTime:0.001307s ]
INFO: [ app_begin ] --END-- [ RunTime:0.002116s ]
NOTIC: [8] Use of undefined constant example - assumed 'example' E:\phpstudy\WWW\zhuangxiu\Application\Home\Controller\IndexController.class.php 第 17 行.
INFO: [ view_parse ] --START--
INFO: [ template_filter ] --START--
INFO: Run Behavior\ContentReplace [ RunTime:0.000080s ]
INFO: [ template_filter ] --END-- [ RunTime:0.000168s ]
INFO: Run Behavior\ParseTemplate [ RunTime:0.017318s ]
INFO: [ view_parse ] --END-- [ RunTime:0.017463s ]
INFO: [ view_filter ] --START--
INFO: Run Behavior\WriteHtmlCache [ RunTime:0.000873s ]
INFO: [ view_filter ] --END-- [ RunTime:0.000974s ]
INFO: [ app_end ] --START--
INFO: Run Behavior\ShowPageTrace [ RunTime:0.001496s ]
INFO: [ app_end ] --END-- [ RunTime:0.001653s ]

[ 2017-06-22T09:04:44+08:00 ] 192.168.1.19 /index.php/Home/Index/num/num/2.html
INFO: [ app_begin ] --START--
INFO: Run Behavior\ReadHtmlCache [ RunTime:0.000484s ]
INFO: [ app_begin ] --END-- [ RunTime:0.000875s ]
NOTIC: [8] Use of undefined constant example - assumed 'example' E:\phpstudy\WWW\zhuangxiu\Application\Home\Controller\IndexController.class.php 第 17 行.
INFO: [ view_parse ] --START--
INFO: [ template_filter ] --START--
INFO: Run Behavior\ContentReplace [ RunTime:0.000111s ]
INFO: [ template_filter ] --END-- [ RunTime:0.000195s ]
INFO: Run Behavior\ParseTemplate [ RunTime:0.012068s ]
INFO: [ view_parse ] --END-- [ RunTime:0.012203s ]
INFO: [ view_filter ] --START--
INFO: Run Behavior\WriteHtmlCache [ RunTime:0.000458s ]
INFO: [ view_filter ] --END-- [ RunTime:0.000549s ]
INFO: [ app_end ] --START--
INFO: Run Behavior\ShowPageTrace [ RunTime:0.000658s ]
INFO: [ app_end ] --END-- [ RunTime:0.000760s ]

[ 2017-06-22T09:24:05+08:00 ] 192.168.1.19 /index.php/Home/Index/num/num/2.html
INFO: [ app_begin ] --START--
INFO: Run Behavior\ReadHtmlCache [ RunTime:0.000724s ]
INFO: [ app_begin ] --END-- [ RunTime:0.001211s ]
NOTIC: [8] Use of undefined constant example - assumed 'example' E:\phpstudy\WWW\zhuangxiu\Application\Home\Controller\IndexController.class.php 第 17 行.
INFO: [ view_parse ] --START--
INFO: [ template_filter ] --START--
INFO: Run Behavior\ContentReplace [ RunTime:0.000084s ]
INFO: [ template_filter ] --END-- [ RunTime:0.000177s ]
INFO: Run Behavior\ParseTemplate [ RunTime:0.015809s ]
INFO: [ view_parse ] --END-- [ RunTime:0.015907s ]
INFO: [ view_filter ] --START--
INFO: Run Behavior\WriteHtmlCache [ RunTime:0.000443s ]
INFO: [ view_filter ] --END-- [ RunTime:0.000507s ]
INFO: [ app_end ] --START--
INFO: Run Behavior\ShowPageTrace [ RunTime:0.000754s ]
INFO: [ app_end ] --END-- [ RunTime:0.000837s ]

[ 2017-06-22T09:25:44+08:00 ] 192.168.1.19 /index.php/Home/Index/num/num/2.html
INFO: [ app_begin ] --START--
INFO: Run Behavior\ReadHtmlCache [ RunTime:0.000512s ]
INFO: [ app_begin ] --END-- [ RunTime:0.000904s ]
NOTIC: [8] Use of undefined constant example - assumed 'example' E:\phpstudy\WWW\zhuangxiu\Application\Home\Controller\IndexController.class.php 第 17 行.
INFO: [ view_parse ] --START--
INFO: [ template_filter ] --START--
INFO: Run Behavior\ContentReplace [ RunTime:0.000083s ]
INFO: [ template_filter ] --END-- [ RunTime:0.000174s ]
INFO: Run Behavior\ParseTemplate [ RunTime:0.011408s ]
INFO: [ view_parse ] --END-- [ RunTime:0.011506s ]
INFO: [ view_filter ] --START--
INFO: Run Behavior\WriteHtmlCache [ RunTime:0.000278s ]
INFO: [ view_filter ] --END-- [ RunTime:0.000343s ]
INFO: [ app_end ] --START--
INFO: Run Behavior\ShowPageTrace [ RunTime:0.000632s ]
INFO: [ app_end ] --END-- [ RunTime:0.000729s ]

[ 2017-06-22T09:27:42+08:00 ] 192.168.1.19 /index.php/Home/Index/num/num/2.html
INFO: [ app_begin ] --START--
INFO: Run Behavior\ReadHtmlCache [ RunTime:0.001140s ]
INFO: [ app_begin ] --END-- [ RunTime:0.001949s ]
NOTIC: [8] Use of undefined constant example - assumed 'example' E:\phpstudy\WWW\zhuangxiu\Application\Home\Controller\IndexController.class.php 第 17 行.
INFO: [ view_parse ] --START--
INFO: [ template_filter ] --START--
INFO: Run Behavior\ContentReplace [ RunTime:0.000077s ]
INFO: [ template_filter ] --END-- [ RunTime:0.000160s ]
INFO: Run Behavior\ParseTemplate [ RunTime:0.011092s ]
INFO: [ view_parse ] --END-- [ RunTime:0.011193s ]
INFO: [ view_filter ] --START--
INFO: Run Behavior\WriteHtmlCache [ RunTime:0.000480s ]
INFO: [ view_filter ] --END-- [ RunTime:0.000568s ]
INFO: [ app_end ] --START--
INFO: Run Behavior\ShowPageTrace [ RunTime:0.001471s ]
INFO: [ app_end ] --END-- [ RunTime:0.001641s ]

[ 2017-06-22T09:30:54+08:00 ] 192.168.1.19 /index.php/Home/Index/num/num/2.html
INFO: [ app_begin ] --START--
INFO: Run Behavior\ReadHtmlCache [ RunTime:0.000714s ]
INFO: [ app_begin ] --END-- [ RunTime:0.001183s ]
NOTIC: [8] Use of undefined constant example - assumed 'example' E:\phpstudy\WWW\zhuangxiu\Application\Home\Controller\IndexController.class.php 第 17 行.
INFO: [ view_parse ] --START--
INFO: [ template_filter ] --START--
INFO: Run Behavior\ContentReplace [ RunTime:0.000089s ]
INFO: [ template_filter ] --END-- [ RunTime:0.000179s ]
INFO: Run Behavior\ParseTemplate [ RunTime:0.011926s ]
INFO: [ view_parse ] --END-- [ RunTime:0.012026s ]
INFO: [ view_filter ] --START--
INFO: Run Behavior\WriteHtmlCache [ RunTime:0.000500s ]
INFO: [ view_filter ] --END-- [ RunTime:0.000563s ]
INFO: [ app_end ] --START--
INFO: Run Behavior\ShowPageTrace [ RunTime:0.000759s ]
INFO: [ app_end ] --END-- [ RunTime:0.000839s ]

[ 2017-06-22T09:31:20+08:00 ] 192.168.1.19 /index.php/Home/Index/num/num/2.html
INFO: [ app_begin ] --START--
INFO: Run Behavior\ReadHtmlCache [ RunTime:0.000832s ]
INFO: [ app_begin ] --END-- [ RunTime:0.001446s ]
NOTIC: [8] Use of undefined constant example - assumed 'example' E:\phpstudy\WWW\zhuangxiu\Application\Home\Controller\IndexController.class.php 第 17 行.
INFO: [ view_parse ] --START--
INFO: [ template_filter ] --START--
INFO: Run Behavior\ContentReplace [ RunTime:0.000130s ]
INFO: [ template_filter ] --END-- [ RunTime:0.000276s ]
INFO: Run Behavior\ParseTemplate [ RunTime:0.015453s ]
INFO: [ view_parse ] --END-- [ RunTime:0.015656s ]
INFO: [ view_filter ] --START--
INFO: Run Behavior\WriteHtmlCache [ RunTime:0.000791s ]
INFO: [ view_filter ] --END-- [ RunTime:0.000957s ]
INFO: [ app_end ] --START--
INFO: Run Behavior\ShowPageTrace [ RunTime:0.001115s ]
INFO: [ app_end ] --END-- [ RunTime:0.001252s ]

[ 2017-06-22T09:31:42+08:00 ] 192.168.1.19 /index.php/Home/Index/num/num/2.html
INFO: [ app_begin ] --START--
INFO: Run Behavior\ReadHtmlCache [ RunTime:0.000574s ]
INFO: [ app_begin ] --END-- [ RunTime:0.001070s ]
NOTIC: [8] Use of undefined constant example - assumed 'example' E:\phpstudy\WWW\zhuangxiu\Application\Home\Controller\IndexController.class.php 第 17 行.
INFO: [ view_parse ] --START--
INFO: [ template_filter ] --START--
INFO: Run Behavior\ContentReplace [ RunTime:0.000400s ]
INFO: [ template_filter ] --END-- [ RunTime:0.000625s ]
INFO: Run Behavior\ParseTemplate [ RunTime:0.011785s ]
INFO: [ view_parse ] --END-- [ RunTime:0.011888s ]
INFO: [ view_filter ] --START--
INFO: Run Behavior\WriteHtmlCache [ RunTime:0.000406s ]
INFO: [ view_filter ] --END-- [ RunTime:0.000481s ]
INFO: [ app_end ] --START--
INFO: Run Behavior\ShowPageTrace [ RunTime:0.000608s ]
INFO: [ app_end ] --END-- [ RunTime:0.000691s ]

[ 2017-06-22T09:32:08+08:00 ] 192.168.1.19 /index.php/Home/Index/num/num/2.html
INFO: [ app_begin ] --START--
INFO: Run Behavior\ReadHtmlCache [ RunTime:0.000578s ]
INFO: [ app_begin ] --END-- [ RunTime:0.001057s ]
NOTIC: [8] Use of undefined constant example - assumed 'example' E:\phpstudy\WWW\zhuangxiu\Application\Home\Controller\IndexController.class.php 第 17 行.
INFO: [ view_parse ] --START--
INFO: [ template_filter ] --START--
INFO: Run Behavior\ContentReplace [ RunTime:0.000081s ]
INFO: [ template_filter ] --END-- [ RunTime:0.000168s ]
INFO: Run Behavior\ParseTemplate [ RunTime:0.014724s ]
INFO: [ view_parse ] --END-- [ RunTime:0.014860s ]
INFO: [ view_filter ] --START--
INFO: Run Behavior\WriteHtmlCache [ RunTime:0.000296s ]
INFO: [ view_filter ] --END-- [ RunTime:0.000358s ]
INFO: [ app_end ] --START--
INFO: Run Behavior\ShowPageTrace [ RunTime:0.000579s ]
INFO: [ app_end ] --END-- [ RunTime:0.000662s ]

[ 2017-06-22T09:34:29+08:00 ] 192.168.1.19 /index.php/Home/Index/num/num/2.html
INFO: [ app_begin ] --START--
INFO: Run Behavior\ReadHtmlCache [ RunTime:0.000704s ]
INFO: [ app_begin ] --END-- [ RunTime:0.001161s ]
NOTIC: [8] Use of undefined constant example - assumed 'example' E:\phpstudy\WWW\zhuangxiu\Application\Home\Controller\IndexController.class.php 第 17 行.
INFO: [ view_parse ] --START--
INFO: [ template_filter ] --START--
INFO: Run Behavior\ContentReplace [ RunTime:0.000080s ]
INFO: [ template_filter ] --END-- [ RunTime:0.000167s ]
INFO: Run Behavior\ParseTemplate [ RunTime:0.013144s ]
INFO: [ view_parse ] --END-- [ RunTime:0.013256s ]
INFO: [ view_filter ] --START--
INFO: Run Behavior\WriteHtmlCache [ RunTime:0.000455s ]
INFO: [ view_filter ] --END-- [ RunTime:0.000517s ]
INFO: [ app_end ] --START--
INFO: Run Behavior\ShowPageTrace [ RunTime:0.000757s ]
INFO: [ app_end ] --END-- [ RunTime:0.000841s ]

[ 2017-06-22T09:40:19+08:00 ] 192.168.1.19 /index.php/Home/Index/num/num/2.html
INFO: [ app_begin ] --START--
INFO: Run Behavior\ReadHtmlCache [ RunTime:0.000748s ]
INFO: [ app_begin ] --END-- [ RunTime:0.001210s ]
NOTIC: [8] Use of undefined constant example - assumed 'example' E:\phpstudy\WWW\zhuangxiu\Application\Home\Controller\IndexController.class.php 第 17 行.
INFO: [ view_parse ] --START--
INFO: [ template_filter ] --START--
INFO: Run Behavior\ContentReplace [ RunTime:0.000079s ]
INFO: [ template_filter ] --END-- [ RunTime:0.000165s ]
INFO: Run Behavior\ParseTemplate [ RunTime:0.013215s ]
INFO: [ view_parse ] --END-- [ RunTime:0.013323s ]
INFO: [ view_filter ] --START--
INFO: Run Behavior\WriteHtmlCache [ RunTime:0.000462s ]
INFO: [ view_filter ] --END-- [ RunTime:0.000524s ]
INFO: [ app_end ] --START--
INFO: Run Behavior\ShowPageTrace [ RunTime:0.000878s ]
INFO: [ app_end ] --END-- [ RunTime:0.000966s ]

[ 2017-06-22T09:41:02+08:00 ] 192.168.1.19 /index.php/Home/Index/num/num/2.html
INFO: [ app_begin ] --START--
INFO: Run Behavior\ReadHtmlCache [ RunTime:0.000714s ]
INFO: [ app_begin ] --END-- [ RunTime:0.001187s ]
NOTIC: [8] Use of undefined constant example - assumed 'example' E:\phpstudy\WWW\zhuangxiu\Application\Home\Controller\IndexController.class.php 第 17 行.
INFO: [ view_parse ] --START--
INFO: [ template_filter ] --START--
INFO: Run Behavior\ContentReplace [ RunTime:0.000080s ]
INFO: [ template_filter ] --END-- [ RunTime:0.000166s ]
INFO: Run Behavior\ParseTemplate [ RunTime:0.012612s ]
INFO: [ view_parse ] --END-- [ RunTime:0.012708s ]
INFO: [ view_filter ] --START--
INFO: Run Behavior\WriteHtmlCache [ RunTime:0.000445s ]
INFO: [ view_filter ] --END-- [ RunTime:0.000508s ]
INFO: [ app_end ] --START--
INFO: Run Behavior\ShowPageTrace [ RunTime:0.000758s ]
INFO: [ app_end ] --END-- [ RunTime:0.000840s ]

[ 2017-06-22T09:46:10+08:00 ] 192.168.1.19 /index.php/Home/Index/num/num/2.html
INFO: [ app_begin ] --START--
INFO: Run Behavior\ReadHtmlCache [ RunTime:0.000706s ]
INFO: [ app_begin ] --END-- [ RunTime:0.001172s ]
NOTIC: [8] Use of undefined constant example - assumed 'example' E:\phpstudy\WWW\zhuangxiu\Application\Home\Controller\IndexController.class.php 第 17 行.
INFO: [ view_parse ] --START--
INFO: [ template_filter ] --START--
INFO: Run Behavior\ContentReplace [ RunTime:0.000081s ]
INFO: [ template_filter ] --END-- [ RunTime:0.000167s ]
INFO: Run Behavior\ParseTemplate [ RunTime:0.012362s ]
INFO: [ view_parse ] --END-- [ RunTime:0.012459s ]
INFO: [ view_filter ] --START--
INFO: Run Behavior\WriteHtmlCache [ RunTime:0.000471s ]
INFO: [ view_filter ] --END-- [ RunTime:0.000555s ]
INFO: [ app_end ] --START--
INFO: Run Behavior\ShowPageTrace [ RunTime:0.000811s ]
INFO: [ app_end ] --END-- [ RunTime:0.000894s ]

[ 2017-06-22T09:47:43+08:00 ] 192.168.1.19 /index.php/Home/Index/num/num/2.html
INFO: [ app_begin ] --START--
INFO: Run Behavior\ReadHtmlCache [ RunTime:0.001500s ]
INFO: [ app_begin ] --END-- [ RunTime:0.002326s ]
NOTIC: [8] Use of undefined constant example - assumed 'example' E:\phpstudy\WWW\zhuangxiu\Application\Home\Controller\IndexController.class.php 第 17 行.
INFO: [ view_parse ] --START--
INFO: [ template_filter ] --START--
INFO: Run Behavior\ContentReplace [ RunTime:0.000091s ]
INFO: [ template_filter ] --END-- [ RunTime:0.000204s ]
INFO: Run Behavior\ParseTemplate [ RunTime:0.013600s ]
INFO: [ view_parse ] --END-- [ RunTime:0.013813s ]
INFO: [ view_filter ] --START--
INFO: Run Behavior\WriteHtmlCache [ RunTime:0.000751s ]
INFO: [ view_filter ] --END-- [ RunTime:0.000889s ]
INFO: [ app_end ] --START--
INFO: Run Behavior\ShowPageTrace [ RunTime:0.001150s ]
INFO: [ app_end ] --END-- [ RunTime:0.001312s ]

[ 2017-06-22T09:48:09+08:00 ] 192.168.1.19 /index.php/Home/Index/num/num/2.html
INFO: [ app_begin ] --START--
INFO: Run Behavior\ReadHtmlCache [ RunTime:0.001478s ]
INFO: [ app_begin ] --END-- [ RunTime:0.002239s ]
NOTIC: [8] Use of undefined constant example - assumed 'example' E:\phpstudy\WWW\zhuangxiu\Application\Home\Controller\IndexController.class.php 第 17 行.
INFO: [ view_parse ] --START--
INFO: [ template_filter ] --START--
INFO: Run Behavior\ContentReplace [ RunTime:0.000124s ]
INFO: [ template_filter ] --END-- [ RunTime:0.000258s ]
INFO: Run Behavior\ParseTemplate [ RunTime:0.014233s ]
INFO: [ view_parse ] --END-- [ RunTime:0.014503s ]
INFO: [ view_filter ] --START--
INFO: Run Behavior\WriteHtmlCache [ RunTime:0.000656s ]
INFO: [ view_filter ] --END-- [ RunTime:0.000806s ]
INFO: [ app_end ] --START--
INFO: Run Behavior\ShowPageTrace [ RunTime:0.001282s ]
INFO: [ app_end ] --END-- [ RunTime:0.001546s ]

[ 2017-06-22T09:48:30+08:00 ] 192.168.1.19 /index.php/Home/Index/num/num/2.html
INFO: [ app_begin ] --START--
INFO: Run Behavior\ReadHtmlCache [ RunTime:0.001002s ]
INFO: [ app_begin ] --END-- [ RunTime:0.001652s ]
NOTIC: [8] Use of undefined constant example - assumed 'example' E:\phpstudy\WWW\zhuangxiu\Application\Home\Controller\IndexController.class.php 第 17 行.
INFO: [ view_parse ] --START--
INFO: [ template_filter ] --START--
INFO: Run Behavior\ContentReplace [ RunTime:0.000159s ]
INFO: [ template_filter ] --END-- [ RunTime:0.000411s ]
INFO: Run Behavior\ParseTemplate [ RunTime:0.016389s ]
INFO: [ view_parse ] --END-- [ RunTime:0.016575s ]
INFO: [ view_filter ] --START--
INFO: Run Behavior\WriteHtmlCache [ RunTime:0.000341s ]
INFO: [ view_filter ] --END-- [ RunTime:0.000413s ]
INFO: [ app_end ] --START--
INFO: Run Behavior\ShowPageTrace [ RunTime:0.000666s ]
INFO: [ app_end ] --END-- [ RunTime:0.000771s ]

[ 2017-06-22T09:48:31+08:00 ] 192.168.1.19 /index.php/Home/Index/num/num/[object%20HTMLDivElement]
INFO: [ app_begin ] --START--
INFO: Run Behavior\ReadHtmlCache [ RunTime:0.000745s ]
INFO: [ app_begin ] --END-- [ RunTime:0.001251s ]
NOTIC: [8] Undefined variable: type E:\phpstudy\WWW\zhuangxiu\Application\Home\Controller\IndexController.class.php 第 29 行.
NOTIC: [8] Undefined variable: ym E:\phpstudy\WWW\zhuangxiu\Application\Home\Controller\IndexController.class.php 第 30 行.
ERR: 模板不存在:./Application/Home/View/Index/num.html

[ 2017-06-22T09:48:41+08:00 ] 192.168.1.19 /index.php/Home/Index/num/num/4.html
INFO: [ app_begin ] --START--
INFO: Run Behavior\ReadHtmlCache [ RunTime:0.000920s ]
INFO: [ app_begin ] --END-- [ RunTime:0.001761s ]
NOTIC: [8] Use of undefined constant contact - assumed 'contact' E:\phpstudy\WWW\zhuangxiu\Application\Home\Controller\IndexController.class.php 第 25 行.
INFO: [ view_parse ] --START--
INFO: [ template_filter ] --START--
INFO: Run Behavior\ContentReplace [ RunTime:0.000106s ]
INFO: [ template_filter ] --END-- [ RunTime:0.000269s ]
INFO: Run Behavior\ParseTemplate [ RunTime:0.017593s ]
INFO: [ view_parse ] --END-- [ RunTime:0.017738s ]
INFO: [ view_filter ] --START--
INFO: Run Behavior\WriteHtmlCache [ RunTime:0.000481s ]
INFO: [ view_filter ] --END-- [ RunTime:0.000546s ]
INFO: [ app_end ] --START--
INFO: Run Behavior\ShowPageTrace [ RunTime:0.000942s ]
INFO: [ app_end ] --END-- [ RunTime:0.001053s ]

[ 2017-06-22T09:48:43+08:00 ] 192.168.1.19 /index.php/Home/Index/num/num/1.html
INFO: [ app_begin ] --START--
INFO: Run Behavior\ReadHtmlCache [ RunTime:0.000483s ]
INFO: [ app_begin ] --END-- [ RunTime:0.000887s ]
NOTIC: [8] Use of undefined constant index - assumed 'index' E:\phpstudy\WWW\zhuangxiu\Application\Home\Controller\IndexController.class.php 第 13 行.
INFO: [ view_parse ] --START--
INFO: [ template_filter ] --START--
INFO: Run Behavior\ContentReplace [ RunTime:0.000101s ]
INFO: [ template_filter ] --END-- [ RunTime:0.000199s ]
INFO: Run Behavior\ParseTemplate [ RunTime:0.011913s ]
INFO: [ view_parse ] --END-- [ RunTime:0.012017s ]
INFO: [ view_filter ] --START--
INFO: Run Behavior\WriteHtmlCache [ RunTime:0.000357s ]
INFO: [ view_filter ] --END-- [ RunTime:0.000421s ]
INFO: [ app_end ] --START--
INFO: Run Behavior\ShowPageTrace [ RunTime:0.000553s ]
INFO: [ app_end ] --END-- [ RunTime:0.000631s ]

[ 2017-06-22T09:48:47+08:00 ] 192.168.1.19 /index.php/Home/Index/num/num/2.html
INFO: [ app_begin ] --START--
INFO: Run Behavior\ReadHtmlCache [ RunTime:0.001835s ]
INFO: [ app_begin ] --END-- [ RunTime:0.002919s ]
NOTIC: [8] Use of undefined constant example - assumed 'example' E:\phpstudy\WWW\zhuangxiu\Application\Home\Controller\IndexController.class.php 第 17 行.
INFO: [ view_parse ] --START--
INFO: [ template_filter ] --START--
INFO: Run Behavior\ContentReplace [ RunTime:0.000266s ]
INFO: [ template_filter ] --END-- [ RunTime:0.000550s ]
INFO: Run Behavior\ParseTemplate [ RunTime:0.016879s ]
INFO: [ view_parse ] --END-- [ RunTime:0.017040s ]
INFO: [ view_filter ] --START--
INFO: Run Behavior\WriteHtmlCache [ RunTime:0.000744s ]
INFO: [ view_filter ] --END-- [ RunTime:0.000870s ]
INFO: [ app_end ] --START--
INFO: Run Behavior\ShowPageTrace [ RunTime:0.001521s ]
INFO: [ app_end ] --END-- [ RunTime:0.001668s ]

[ 2017-06-22T09:48:49+08:00 ] 192.168.1.19 /index.php/Home/Index/num/num/[object%20HTMLDivElement]
INFO: [ app_begin ] --START--
INFO: Run Behavior\ReadHtmlCache [ RunTime:0.000797s ]
INFO: [ app_begin ] --END-- [ RunTime:0.001488s ]
NOTIC: [8] Undefined variable: type E:\phpstudy\WWW\zhuangxiu\Application\Home\Controller\IndexController.class.php 第 29 行.
NOTIC: [8] Undefined variable: ym E:\phpstudy\WWW\zhuangxiu\Application\Home\Controller\IndexController.class.php 第 30 行.
ERR: 模板不存在:./Application/Home/View/Index/num.html

[ 2017-06-22T09:49:35+08:00 ] 192.168.1.19 /index.php/Home/Index/num/num/2.html
INFO: [ app_begin ] --START--
INFO: Run Behavior\ReadHtmlCache [ RunTime:0.001511s ]
INFO: [ app_begin ] --END-- [ RunTime:0.002146s ]
NOTIC: [8] Use of undefined constant example - assumed 'example' E:\phpstudy\WWW\zhuangxiu\Application\Home\Controller\IndexController.class.php 第 17 行.
INFO: [ view_parse ] --START--
INFO: [ template_filter ] --START--
INFO: Run Behavior\ContentReplace [ RunTime:0.000081s ]
INFO: [ template_filter ] --END-- [ RunTime:0.000171s ]
INFO: Run Behavior\ParseTemplate [ RunTime:0.013107s ]
INFO: [ view_parse ] --END-- [ RunTime:0.013269s ]
INFO: [ view_filter ] --START--
INFO: Run Behavior\WriteHtmlCache [ RunTime:0.000304s ]
INFO: [ view_filter ] --END-- [ RunTime:0.000367s ]
INFO: [ app_end ] --START--
INFO: Run Behavior\ShowPageTrace [ RunTime:0.001579s ]
INFO: [ app_end ] --END-- [ RunTime:0.001735s ]

[ 2017-06-22T09:49:37+08:00 ] 192.168.1.19 /index.php/Home/Index/num/num/[object%20HTMLDivElement]
INFO: [ app_begin ] --START--
INFO: Run Behavior\ReadHtmlCache [ RunTime:0.000505s ]
INFO: [ app_begin ] --END-- [ RunTime:0.000976s ]
NOTIC: [8] Undefined variable: type E:\phpstudy\WWW\zhuangxiu\Application\Home\Controller\IndexController.class.php 第 29 行.
NOTIC: [8] Undefined variable: ym E:\phpstudy\WWW\zhuangxiu\Application\Home\Controller\IndexController.class.php 第 30 行.
ERR: 模板不存在:./Application/Home/View/Index/num.html

[ 2017-06-22T09:54:18+08:00 ] 192.168.1.19 /index.php/Home/Index/num/num/2.html
INFO: [ app_begin ] --START--
INFO: Run Behavior\ReadHtmlCache [ RunTime:0.001064s ]
INFO: [ app_begin ] --END-- [ RunTime:0.001614s ]
NOTIC: [8] Use of undefined constant example - assumed 'example' E:\phpstudy\WWW\zhuangxiu\Application\Home\Controller\IndexController.class.php 第 17 行.
INFO: [ view_parse ] --START--
INFO: [ template_filter ] --START--
INFO: Run Behavior\ContentReplace [ RunTime:0.000082s ]
INFO: [ template_filter ] --END-- [ RunTime:0.000170s ]
INFO: Run Behavior\ParseTemplate [ RunTime:0.013081s ]
INFO: [ view_parse ] --END-- [ RunTime:0.013249s ]
INFO: [ view_filter ] --START--
INFO: Run Behavior\WriteHtmlCache [ RunTime:0.001725s ]
INFO: [ view_filter ] --END-- [ RunTime:0.001856s ]
INFO: [ app_end ] --START--
INFO: Run Behavior\ShowPageTrace [ RunTime:0.001518s ]
INFO: [ app_end ] --END-- [ RunTime:0.002422s ]

[ 2017-06-22T09:59:53+08:00 ] 192.168.1.19 /index.php/Home/Index/num/num/2.html
INFO: [ app_begin ] --START--
INFO: Run Behavior\ReadHtmlCache [ RunTime:0.000733s ]
INFO: [ app_begin ] --END-- [ RunTime:0.001225s ]
NOTIC: [8] Use of undefined constant example - assumed 'example' E:\phpstudy\WWW\zhuangxiu\Application\Home\Controller\IndexController.class.php 第 17 行.
INFO: [ view_parse ] --START--
INFO: [ template_filter ] --START--
INFO: Run Behavior\ContentReplace [ RunTime:0.000082s ]
INFO: [ template_filter ] --END-- [ RunTime:0.000164s ]
INFO: Run Behavior\ParseTemplate [ RunTime:0.014474s ]
INFO: [ view_parse ] --END-- [ RunTime:0.014583s ]
INFO: [ view_filter ] --START--
INFO: Run Behavior\WriteHtmlCache [ RunTime:0.000501s ]
INFO: [ view_filter ] --END-- [ RunTime:0.000572s ]
INFO: [ app_end ] --START--
INFO: Run Behavior\ShowPageTrace [ RunTime:0.000896s ]
INFO: [ app_end ] --END-- [ RunTime:0.000986s ]

[ 2017-06-22T10:01:58+08:00 ] 192.168.1.19 /index.php/Home/Index/num/num/2.html
INFO: [ app_begin ] --START--
INFO: Run Behavior\ReadHtmlCache [ RunTime:0.000741s ]
INFO: [ app_begin ] --END-- [ RunTime:0.001220s ]
NOTIC: [8] Use of undefined constant example - assumed 'example' E:\phpstudy\WWW\zhuangxiu\Application\Home\Controller\IndexController.class.php 第 17 行.
INFO: [ view_parse ] --START--
INFO: [ template_filter ] --START--
INFO: Run Behavior\ContentReplace [ RunTime:0.000099s ]
INFO: [ template_filter ] --END-- [ RunTime:0.000188s ]
INFO: Run Behavior\ParseTemplate [ RunTime:0.012597s ]
INFO: [ view_parse ] --END-- [ RunTime:0.012692s ]
INFO: [ view_filter ] --START--
INFO: Run Behavior\WriteHtmlCache [ RunTime:0.000453s ]
INFO: [ view_filter ] --END-- [ RunTime:0.000516s ]
INFO: [ app_end ] --START--
INFO: Run Behavior\ShowPageTrace [ RunTime:0.000740s ]
INFO: [ app_end ] --END-- [ RunTime:0.000824s ]

[ 2017-06-22T10:02:28+08:00 ] 192.168.1.19 /index.php/Home/Index/num/num/2.html
INFO: [ app_begin ] --START--
INFO: Run Behavior\ReadHtmlCache [ RunTime:0.000629s ]
INFO: [ app_begin ] --END-- [ RunTime:0.001229s ]
NOTIC: [8] Use of undefined constant example - assumed 'example' E:\phpstudy\WWW\zhuangxiu\Application\Home\Controller\IndexController.class.php 第 17 行.
INFO: [ view_parse ] --START--
INFO: [ template_filter ] --START--
INFO: Run Behavior\ContentReplace [ RunTime:0.000083s ]
INFO: [ template_filter ] --END-- [ RunTime:0.000179s ]
INFO: Run Behavior\ParseTemplate [ RunTime:0.010628s ]
INFO: [ view_parse ] --END-- [ RunTime:0.010869s ]
INFO: [ view_filter ] --START--
INFO: Run Behavior\WriteHtmlCache [ RunTime:0.000615s ]
INFO: [ view_filter ] --END-- [ RunTime:0.000745s ]
INFO: [ app_end ] --START--
INFO: Run Behavior\ShowPageTrace [ RunTime:0.000911s ]
INFO: [ app_end ] --END-- [ RunTime:0.001051s ]

[ 2017-06-22T10:02:31+08:00 ] 192.168.1.19 /index.php/Home/Index/num/num/2.html
INFO: [ app_begin ] --START--
INFO: Run Behavior\ReadHtmlCache [ RunTime:0.000569s ]
INFO: [ app_begin ] --END-- [ RunTime:0.001054s ]
NOTIC: [8] Use of undefined constant example - assumed 'example' E:\phpstudy\WWW\zhuangxiu\Application\Home\Controller\IndexController.class.php 第 17 行.
INFO: [ view_parse ] --START--
INFO: [ template_filter ] --START--
INFO: Run Behavior\ContentReplace [ RunTime:0.000081s ]
INFO: [ template_filter ] --END-- [ RunTime:0.000177s ]
INFO: Run Behavior\ParseTemplate [ RunTime:0.011364s ]
INFO: [ view_parse ] --END-- [ RunTime:0.011534s ]
INFO: [ view_filter ] --START--
INFO: Run Behavior\WriteHtmlCache [ RunTime:0.000456s ]
INFO: [ view_filter ] --END-- [ RunTime:0.000574s ]
INFO: [ app_end ] --START--
INFO: Run Behavior\ShowPageTrace [ RunTime:0.000658s ]
INFO: [ app_end ] --END-- [ RunTime:0.000749s ]

[ 2017-06-22T10:02:40+08:00 ] 192.168.1.19 /index.php/Home/Index/num/num/2.html
INFO: [ app_begin ] --START--
INFO: Run Behavior\ReadHtmlCache [ RunTime:0.000838s ]
INFO: [ app_begin ] --END-- [ RunTime:0.001536s ]
NOTIC: [8] Use of undefined constant example - assumed 'example' E:\phpstudy\WWW\zhuangxiu\Application\Home\Controller\IndexController.class.php 第 17 行.
INFO: [ view_parse ] --START--
INFO: [ template_filter ] --START--
INFO: Run Behavior\ContentReplace [ RunTime:0.000080s ]
INFO: [ template_filter ] --END-- [ RunTime:0.000163s ]
INFO: Run Behavior\ParseTemplate [ RunTime:0.010705s ]
INFO: [ view_parse ] --END-- [ RunTime:0.010928s ]
INFO: [ view_filter ] --START--
INFO: Run Behavior\WriteHtmlCache [ RunTime:0.000819s ]
INFO: [ view_filter ] --END-- [ RunTime:0.000952s ]
INFO: [ app_end ] --START--
INFO: Run Behavior\ShowPageTrace [ RunTime:0.000932s ]
INFO: [ app_end ] --END-- [ RunTime:0.001083s ]

[ 2017-06-22T10:09:05+08:00 ] 192.168.1.19 /index.php/Home/Index/num/num/2.html
INFO: [ app_begin ] --START--
INFO: Run Behavior\ReadHtmlCache [ RunTime:0.000732s ]
INFO: [ app_begin ] --END-- [ RunTime:0.001278s ]
NOTIC: [8] Use of undefined constant example - assumed 'example' E:\phpstudy\WWW\zhuangxiu\Application\Home\Controller\IndexController.class.php 第 17 行.
INFO: [ view_parse ] --START--
INFO: [ template_filter ] --START--
INFO: Run Behavior\ContentReplace [ RunTime:0.000086s ]
INFO: [ template_filter ] --END-- [ RunTime:0.000191s ]
INFO: Run Behavior\ParseTemplate [ RunTime:0.012823s ]
INFO: [ view_parse ] --END-- [ RunTime:0.012979s ]
INFO: [ view_filter ] --START--
INFO: Run Behavior\WriteHtmlCache [ RunTime:0.000552s ]
INFO: [ view_filter ] --END-- [ RunTime:0.000693s ]
INFO: [ app_end ] --START--
INFO: Run Behavior\ShowPageTrace [ RunTime:0.000806s ]
INFO: [ app_end ] --END-- [ RunTime:0.000895s ]

[ 2017-06-22T10:09:07+08:00 ] 192.168.1.19 /index.php/Home/Index/num/num/[object%20HTMLDivElement]
INFO: [ app_begin ] --START--
INFO: Run Behavior\ReadHtmlCache [ RunTime:0.002822s ]
INFO: [ app_begin ] --END-- [ RunTime:0.003920s ]
NOTIC: [8] Undefined variable: type E:\phpstudy\WWW\zhuangxiu\Application\Home\Controller\IndexController.class.php 第 29 行.
NOTIC: [8] Undefined variable: ym E:\phpstudy\WWW\zhuangxiu\Application\Home\Controller\IndexController.class.php 第 30 行.
ERR: 模板不存在:./Application/Home/View/Index/num.html

[ 2017-06-22T10:09:38+08:00 ] 192.168.1.19 /index.php/Home/Index/num/num/2.html
INFO: [ app_begin ] --START--
INFO: Run Behavior\ReadHtmlCache [ RunTime:0.000517s ]
INFO: [ app_begin ] --END-- [ RunTime:0.000917s ]
NOTIC: [8] Use of undefined constant example - assumed 'example' E:\phpstudy\WWW\zhuangxiu\Application\Home\Controller\IndexController.class.php 第 17 行.
INFO: [ view_parse ] --START--
INFO: [ template_filter ] --START--
INFO: Run Behavior\ContentReplace [ RunTime:0.000079s ]
INFO: [ template_filter ] --END-- [ RunTime:0.000164s ]
INFO: Run Behavior\ParseTemplate [ RunTime:0.012462s ]
INFO: [ view_parse ] --END-- [ RunTime:0.012553s ]
INFO: [ view_filter ] --START--
INFO: Run Behavior\WriteHtmlCache [ RunTime:0.000442s ]
INFO: [ view_filter ] --END-- [ RunTime:0.000503s ]
INFO: [ app_end ] --START--
INFO: Run Behavior\ShowPageTrace [ RunTime:0.000759s ]
INFO: [ app_end ] --END-- [ RunTime:0.000850s ]

[ 2017-06-22T10:10:18+08:00 ] 192.168.1.19 /index.php/Home/Index/num/num/2.html
INFO: [ app_begin ] --START--
INFO: Run Behavior\ReadHtmlCache [ RunTime:0.000731s ]
INFO: [ app_begin ] --END-- [ RunTime:0.001227s ]
NOTIC: [8] Use of undefined constant example - assumed 'example' E:\phpstudy\WWW\zhuangxiu\Application\Home\Controller\IndexController.class.php 第 17 行.
INFO: [ view_parse ] --START--
INFO: [ template_filter ] --START--
INFO: Run Behavior\ContentReplace [ RunTime:0.000080s ]
INFO: [ template_filter ] --END-- [ RunTime:0.000165s ]
INFO: Run Behavior\ParseTemplate [ RunTime:0.012610s ]
INFO: [ view_parse ] --END-- [ RunTime:0.012702s ]
INFO: [ view_filter ] --START--
INFO: Run Behavior\WriteHtmlCache [ RunTime:0.000444s ]
INFO: [ view_filter ] --END-- [ RunTime:0.000508s ]
INFO: [ app_end ] --START--
INFO: Run Behavior\ShowPageTrace [ RunTime:0.000767s ]
INFO: [ app_end ] --END-- [ RunTime:0.000850s ]

[ 2017-06-22T10:11:06+08:00 ] 192.168.1.19 /index.php/Home/Index/num/num/2.html
INFO: [ app_begin ] --START--
INFO: Run Behavior\ReadHtmlCache [ RunTime:0.000579s ]
INFO: [ app_begin ] --END-- [ RunTime:0.001113s ]
NOTIC: [8] Use of undefined constant example - assumed 'example' E:\phpstudy\WWW\zhuangxiu\Application\Home\Controller\IndexController.class.php 第 17 行.
INFO: [ view_parse ] --START--
INFO: [ template_filter ] --START--
INFO: Run Behavior\ContentReplace [ RunTime:0.000136s ]
INFO: [ template_filter ] --END-- [ RunTime:0.000286s ]
INFO: Run Behavior\ParseTemplate [ RunTime:0.012620s ]
INFO: [ view_parse ] --END-- [ RunTime:0.012732s ]
INFO: [ view_filter ] --START--
INFO: Run Behavior\WriteHtmlCache [ RunTime:0.000301s ]
INFO: [ view_filter ] --END-- [ RunTime:0.000364s ]
INFO: [ app_end ] --START--
INFO: Run Behavior\ShowPageTrace [ RunTime:0.000568s ]
INFO: [ app_end ] --END-- [ RunTime:0.000647s ]

[ 2017-06-22T10:11:33+08:00 ] 192.168.1.19 /index.php/Home/Index/num/num/2.html
INFO: [ app_begin ] --START--
INFO: Run Behavior\ReadHtmlCache [ RunTime:0.000736s ]
INFO: [ app_begin ] --END-- [ RunTime:0.001231s ]
NOTIC: [8] Use of undefined constant example - assumed 'example' E:\phpstudy\WWW\zhuangxiu\Application\Home\Controller\IndexController.class.php 第 17 行.
INFO: [ view_parse ] --START--
INFO: [ template_filter ] --START--
INFO: Run Behavior\ContentReplace [ RunTime:0.000080s ]
INFO: [ template_filter ] --END-- [ RunTime:0.000165s ]
INFO: Run Behavior\ParseTemplate [ RunTime:0.011034s ]
INFO: [ view_parse ] --END-- [ RunTime:0.011132s ]
INFO: [ view_filter ] --START--
INFO: Run Behavior\WriteHtmlCache [ RunTime:0.000280s ]
INFO: [ view_filter ] --END-- [ RunTime:0.000339s ]
INFO: [ app_end ] --START--
INFO: Run Behavior\ShowPageTrace [ RunTime:0.000596s ]
INFO: [ app_end ] --END-- [ RunTime:0.000696s ]

[ 2017-06-22T11:56:03+08:00 ] 192.168.1.19 /index.php/Home/Index/num/num/2.html
INFO: [ app_begin ] --START--
INFO: Run Behavior\ReadHtmlCache [ RunTime:0.000911s ]
INFO: [ app_begin ] --END-- [ RunTime:0.001885s ]
NOTIC: [8] Use of undefined constant example - assumed 'example' E:\phpstudy\WWW\zhuangxiu\Application\Home\Controller\IndexController.class.php 第 17 行.
INFO: [ view_parse ] --START--
INFO: [ template_filter ] --START--
INFO: Run Behavior\ContentReplace [ RunTime:0.000080s ]
INFO: [ template_filter ] --END-- [ RunTime:0.000161s ]
INFO: Run Behavior\ParseTemplate [ RunTime:0.012359s ]
INFO: [ view_parse ] --END-- [ RunTime:0.012493s ]
INFO: [ view_filter ] --START--
INFO: Run Behavior\WriteHtmlCache [ RunTime:0.001021s ]
INFO: [ view_filter ] --END-- [ RunTime:0.001135s ]
INFO: [ app_end ] --START--
INFO: Run Behavior\ShowPageTrace [ RunTime:0.001121s ]
INFO: [ app_end ] --END-- [ RunTime:0.001270s ]

[ 2017-06-22T14:09:55+08:00 ] 192.168.1.19 /index.php/Home/Index/num/num/2.html
INFO: [ app_begin ] --START--
INFO: Run Behavior\ReadHtmlCache [ RunTime:0.000940s ]
INFO: [ app_begin ] --END-- [ RunTime:0.001570s ]
NOTIC: [8] Use of undefined constant example - assumed 'example' E:\phpstudy\WWW\zhuangxiu\Application\Home\Controller\IndexController.class.php 第 17 行.
INFO: [ view_parse ] --START--
INFO: [ template_filter ] --START--
INFO: Run Behavior\ContentReplace [ RunTime:0.000078s ]
INFO: [ template_filter ] --END-- [ RunTime:0.000161s ]
INFO: Run Behavior\ParseTemplate [ RunTime:0.011790s ]
INFO: [ view_parse ] --END-- [ RunTime:0.012010s ]
INFO: [ view_filter ] --START--
INFO: Run Behavior\WriteHtmlCache [ RunTime:0.000682s ]
INFO: [ view_filter ] --END-- [ RunTime:0.000777s ]
INFO: [ app_end ] --START--
INFO: Run Behavior\ShowPageTrace [ RunTime:0.001116s ]
INFO: [ app_end ] --END-- [ RunTime:0.001240s ]

[ 2017-06-22T14:10:05+08:00 ] 192.168.1.19 /index.php/Home/Index/num/num/3.html
INFO: [ app_begin ] --START--
INFO: Run Behavior\ReadHtmlCache [ RunTime:0.000726s ]
INFO: [ app_begin ] --END-- [ RunTime:0.001186s ]
NOTIC: [8] Use of undefined constant about - assumed 'about' E:\phpstudy\WWW\zhuangxiu\Application\Home\Controller\IndexController.class.php 第 21 行.
INFO: [ view_parse ] --START--
INFO: [ template_filter ] --START--
INFO: Run Behavior\ContentReplace [ RunTime:0.000075s ]
INFO: [ template_filter ] --END-- [ RunTime:0.000165s ]
INFO: Run Behavior\ParseTemplate [ RunTime:0.011447s ]
INFO: [ view_parse ] --END-- [ RunTime:0.011540s ]
INFO: [ view_filter ] --START--
INFO: Run Behavior\WriteHtmlCache [ RunTime:0.000449s ]
INFO: [ view_filter ] --END-- [ RunTime:0.000512s ]
INFO: [ app_end ] --START--
INFO: Run Behavior\ShowPageTrace [ RunTime:0.000746s ]
INFO: [ app_end ] --END-- [ RunTime:0.000828s ]

[ 2017-06-22T14:12:25+08:00 ] 192.168.1.19 /index.php/Home/Index/num/num/4.html
INFO: [ app_begin ] --START--
INFO: Run Behavior\ReadHtmlCache [ RunTime:0.000728s ]
INFO: [ app_begin ] --END-- [ RunTime:0.001193s ]
NOTIC: [8] Use of undefined constant contact - assumed 'contact' E:\phpstudy\WWW\zhuangxiu\Application\Home\Controller\IndexController.class.php 第 25 行.
INFO: [ view_parse ] --START--
INFO: [ template_filter ] --START--
INFO: Run Behavior\ContentReplace [ RunTime:0.000072s ]
INFO: [ template_filter ] --END-- [ RunTime:0.000187s ]
INFO: Run Behavior\ParseTemplate [ RunTime:0.012034s ]
INFO: [ view_parse ] --END-- [ RunTime:0.012131s ]
INFO: [ view_filter ] --START--
INFO: Run Behavior\WriteHtmlCache [ RunTime:0.000458s ]
INFO: [ view_filter ] --END-- [ RunTime:0.000520s ]
INFO: [ app_end ] --START--
INFO: Run Behavior\ShowPageTrace [ RunTime:0.000751s ]
INFO: [ app_end ] --END-- [ RunTime:0.000835s ]

[ 2017-06-22T14:13:49+08:00 ] 192.168.1.19 /index.php/Home/Index/num/num/4.html
INFO: [ app_begin ] --START--
INFO: Run Behavior\ReadHtmlCache [ RunTime:0.000608s ]
INFO: [ app_begin ] --END-- [ RunTime:0.001269s ]
NOTIC: [8] Use of undefined constant contact - assumed 'contact' E:\phpstudy\WWW\zhuangxiu\Application\Home\Controller\IndexController.class.php 第 25 行.
INFO: [ view_parse ] --START--
INFO: [ template_filter ] --START--
INFO: Run Behavior\ContentReplace [ RunTime:0.000069s ]
INFO: [ template_filter ] --END-- [ RunTime:0.000157s ]
INFO: Run Behavior\ParseTemplate [ RunTime:0.010071s ]
INFO: [ view_parse ] --END-- [ RunTime:0.010215s ]
INFO: [ view_filter ] --START--
INFO: Run Behavior\WriteHtmlCache [ RunTime:0.000602s ]
INFO: [ view_filter ] --END-- [ RunTime:0.000692s ]
INFO: [ app_end ] --START--
INFO: Run Behavior\ShowPageTrace [ RunTime:0.000833s ]
INFO: [ app_end ] --END-- [ RunTime:0.000943s ]

[ 2017-06-22T14:13:54+08:00 ] 192.168.1.19 /index.php/Home/Index/num/num/3.html
INFO: [ app_begin ] --START--
INFO: Run Behavior\ReadHtmlCache [ RunTime:0.000623s ]
INFO: [ app_begin ] --END-- [ RunTime:0.001106s ]
NOTIC: [8] Use of undefined constant about - assumed 'about' E:\phpstudy\WWW\zhuangxiu\Application\Home\Controller\IndexController.class.php 第 21 行.
INFO: [ view_parse ] --START--
INFO: [ template_filter ] --START--
INFO: Run Behavior\ContentReplace [ RunTime:0.000080s ]
INFO: [ template_filter ] --END-- [ RunTime:0.000161s ]
INFO: Run Behavior\ParseTemplate [ RunTime:0.010526s ]
INFO: [ view_parse ] --END-- [ RunTime:0.010667s ]
INFO: [ view_filter ] --START--
INFO: Run Behavior\WriteHtmlCache [ RunTime:0.000495s ]
INFO: [ view_filter ] --END-- [ RunTime:0.000610s ]
INFO: [ app_end ] --START--
INFO: Run Behavior\ShowPageTrace [ RunTime:0.000667s ]
INFO: [ app_end ] --END-- [ RunTime:0.000762s ]

[ 2017-06-22T14:13:56+08:00 ] 192.168.1.19 /index.php/Home/Index/num/num/4.html
INFO: [ app_begin ] --START--
INFO: Run Behavior\ReadHtmlCache [ RunTime:0.000507s ]
INFO: [ app_begin ] --END-- [ RunTime:0.000921s ]
NOTIC: [8] Use of undefined constant contact - assumed 'contact' E:\phpstudy\WWW\zhuangxiu\Application\Home\Controller\IndexController.class.php 第 25 行.
INFO: [ view_parse ] --START--
INFO: [ template_filter ] --START--
INFO: Run Behavior\ContentReplace [ RunTime:0.000072s ]
INFO: [ template_filter ] --END-- [ RunTime:0.000176s ]
INFO: Run Behavior\ParseTemplate [ RunTime:0.010189s ]
INFO: [ view_parse ] --END-- [ RunTime:0.010322s ]
INFO: [ view_filter ] --START--
INFO: Run Behavior\WriteHtmlCache [ RunTime:0.000383s ]
INFO: [ view_filter ] --END-- [ RunTime:0.000450s ]
INFO: [ app_end ] --START--
INFO: Run Behavior\ShowPageTrace [ RunTime:0.000629s ]
INFO: [ app_end ] --END-- [ RunTime:0.000726s ]

[ 2017-06-22T14:14:03+08:00 ] 192.168.1.19 /index.php/Home/Index/num/num/3.html
INFO: [ app_begin ] --START--
INFO: Run Behavior\ReadHtmlCache [ RunTime:0.000491s ]
INFO: [ app_begin ] --END-- [ RunTime:0.000881s ]
NOTIC: [8] Use of undefined constant about - assumed 'about' E:\phpstudy\WWW\zhuangxiu\Application\Home\Controller\IndexController.class.php 第 21 行.
INFO: [ view_parse ] --START--
INFO: [ template_filter ] --START--
INFO: Run Behavior\ContentReplace [ RunTime:0.000073s ]
INFO: [ template_filter ] --END-- [ RunTime:0.000152s ]
INFO: Run Behavior\ParseTemplate [ RunTime:0.009760s ]
INFO: [ view_parse ] --END-- [ RunTime:0.009863s ]
INFO: [ view_filter ] --START--
INFO: Run Behavior\WriteHtmlCache [ RunTime:0.000437s ]
INFO: [ view_filter ] --END-- [ RunTime:0.000525s ]
INFO: [ app_end ] --START--
INFO: Run Behavior\ShowPageTrace [ RunTime:0.000979s ]
INFO: [ app_end ] --END-- [ RunTime:0.001141s ]

[ 2017-06-22T14:14:04+08:00 ] 192.168.1.19 /index.php/Home/Index/num/num/2.html
INFO: [ app_begin ] --START--
INFO: Run Behavior\ReadHtmlCache [ RunTime:0.000494s ]
INFO: [ app_begin ] --END-- [ RunTime:0.000883s ]
NOTIC: [8] Use of undefined constant example - assumed 'example' E:\phpstudy\WWW\zhuangxiu\Application\Home\Controller\IndexController.class.php 第 17 行.
INFO: [ view_parse ] --START--
INFO: [ template_filter ] --START--
INFO: Run Behavior\ContentReplace [ RunTime:0.000080s ]
INFO: [ template_filter ] --END-- [ RunTime:0.000164s ]
INFO: Run Behavior\ParseTemplate [ RunTime:0.010202s ]
INFO: [ view_parse ] --END-- [ RunTime:0.010304s ]
INFO: [ view_filter ] --START--
INFO: Run Behavior\WriteHtmlCache [ RunTime:0.000290s ]
INFO: [ view_filter ] --END-- [ RunTime:0.000353s ]
INFO: [ app_end ] --START--
INFO: Run Behavior\ShowPageTrace [ RunTime:0.000693s ]
INFO: [ app_end ] --END-- [ RunTime:0.000778s ]

[ 2017-06-22T14:14:06+08:00 ] 192.168.1.19 /index.php/Home/Index/num/num/1.html
INFO: [ app_begin ] --START--
INFO: Run Behavior\ReadHtmlCache [ RunTime:0.000504s ]
INFO: [ app_begin ] --END-- [ RunTime:0.000883s ]
NOTIC: [8] Use of undefined constant index - assumed 'index' E:\phpstudy\WWW\zhuangxiu\Application\Home\Controller\IndexController.class.php 第 13 行.
INFO: [ view_parse ] --START--
INFO: [ template_filter ] --START--
INFO: Run Behavior\ContentReplace [ RunTime:0.000101s ]
INFO: [ template_filter ] --END-- [ RunTime:0.000194s ]
INFO: Run Behavior\ParseTemplate [ RunTime:0.011525s ]
INFO: [ view_parse ] --END-- [ RunTime:0.011664s ]
INFO: [ view_filter ] --START--
INFO: Run Behavior\WriteHtmlCache [ RunTime:0.000308s ]
INFO: [ view_filter ] --END-- [ RunTime:0.000377s ]
INFO: [ app_end ] --START--
INFO: Run Behavior\ShowPageTrace [ RunTime:0.000901s ]
INFO: [ app_end ] --END-- [ RunTime:0.001051s ]

[ 2017-06-22T14:19:10+08:00 ] 192.168.1.19 /index.php/Home/Index/num/num/1.html
INFO: [ app_begin ] --START--
INFO: Run Behavior\ReadHtmlCache [ RunTime:0.000953s ]
INFO: [ app_begin ] --END-- [ RunTime:0.001429s ]
NOTIC: [8] Use of undefined constant index - assumed 'index' E:\phpstudy\WWW\zhuangxiu\Application\Home\Controller\IndexController.class.php 第 13 行.
INFO: [ view_parse ] --START--
INFO: [ template_filter ] --START--
INFO: Run Behavior\ContentReplace [ RunTime:0.000102s ]
INFO: [ template_filter ] --END-- [ RunTime:0.000189s ]
INFO: Run Behavior\ParseTemplate [ RunTime:0.014100s ]
INFO: [ view_parse ] --END-- [ RunTime:0.014199s ]
INFO: [ view_filter ] --START--
INFO: Run Behavior\WriteHtmlCache [ RunTime:0.000488s ]
INFO: [ view_filter ] --END-- [ RunTime:0.000552s ]
INFO: [ app_end ] --START--
INFO: Run Behavior\ShowPageTrace [ RunTime:0.001002s ]
INFO: [ app_end ] --END-- [ RunTime:0.001132s ]

[ 2017-06-22T14:19:13+08:00 ] 192.168.1.19 /index.php/Home/Index/num/num/3.html
INFO: [ app_begin ] --START--
INFO: Run Behavior\ReadHtmlCache [ RunTime:0.000516s ]
INFO: [ app_begin ] --END-- [ RunTime:0.000934s ]
NOTIC: [8] Use of undefined constant about - assumed 'about' E:\phpstudy\WWW\zhuangxiu\Application\Home\Controller\IndexController.class.php 第 21 行.
INFO: [ view_parse ] --START--
INFO: [ template_filter ] --START--
INFO: Run Behavior\ContentReplace [ RunTime:0.000090s ]
INFO: [ template_filter ] --END-- [ RunTime:0.000214s ]
INFO: Run Behavior\ParseTemplate [ RunTime:0.012192s ]
INFO: [ view_parse ] --END-- [ RunTime:0.012318s ]
INFO: [ view_filter ] --START--
INFO: Run Behavior\WriteHtmlCache [ RunTime:0.000381s ]
INFO: [ view_filter ] --END-- [ RunTime:0.000457s ]
INFO: [ app_end ] --START--
INFO: Run Behavior\ShowPageTrace [ RunTime:0.000750s ]
INFO: [ app_end ] --END-- [ RunTime:0.000846s ]

[ 2017-06-22T14:19:14+08:00 ] 192.168.1.19 /index.php/Home/Index/num/num/2.html
INFO: [ app_begin ] --START--
INFO: Run Behavior\ReadHtmlCache [ RunTime:0.000509s ]
INFO: [ app_begin ] --END-- [ RunTime:0.000885s ]
NOTIC: [8] Use of undefined constant example - assumed 'example' E:\phpstudy\WWW\zhuangxiu\Application\Home\Controller\IndexController.class.php 第 17 行.
INFO: [ view_parse ] --START--
INFO: [ template_filter ] --START--
INFO: Run Behavior\ContentReplace [ RunTime:0.000079s ]
INFO: [ template_filter ] --END-- [ RunTime:0.000164s ]
INFO: Run Behavior\ParseTemplate [ RunTime:0.010853s ]
INFO: [ view_parse ] --END-- [ RunTime:0.010957s ]
INFO: [ view_filter ] --START--
INFO: Run Behavior\WriteHtmlCache [ RunTime:0.000609s ]
INFO: [ view_filter ] --END-- [ RunTime:0.000686s ]
INFO: [ app_end ] --START--
INFO: Run Behavior\ShowPageTrace [ RunTime:0.000655s ]
INFO: [ app_end ] --END-- [ RunTime:0.000757s ]

[ 2017-06-22T14:19:16+08:00 ] 192.168.1.19 /index.php/Home/Index/num/num/4.html
INFO: [ app_begin ] --START--
INFO: Run Behavior\ReadHtmlCache [ RunTime:0.000489s ]
INFO: [ app_begin ] --END-- [ RunTime:0.000900s ]
NOTIC: [8] Use of undefined constant contact - assumed 'contact' E:\phpstudy\WWW\zhuangxiu\Application\Home\Controller\IndexController.class.php 第 25 行.
INFO: [ view_parse ] --START--
INFO: [ template_filter ] --START--
INFO: Run Behavior\ContentReplace [ RunTime:0.000103s ]
INFO: [ template_filter ] --END-- [ RunTime:0.000243s ]
INFO: Run Behavior\ParseTemplate [ RunTime:0.010074s ]
INFO: [ view_parse ] --END-- [ RunTime:0.010174s ]
INFO: [ view_filter ] --START--
INFO: Run Behavior\WriteHtmlCache [ RunTime:0.000313s ]
INFO: [ view_filter ] --END-- [ RunTime:0.000375s ]
INFO: [ app_end ] --START--
INFO: Run Behavior\ShowPageTrace [ RunTime:0.000569s ]
INFO: [ app_end ] --END-- [ RunTime:0.000648s ]

[ 2017-06-22T14:19:19+08:00 ] 192.168.1.19 /index.php/Home/Index/num/num/2.html
INFO: [ app_begin ] --START--
INFO: Run Behavior\ReadHtmlCache [ RunTime:0.000478s ]
INFO: [ app_begin ] --END-- [ RunTime:0.000854s ]
NOTIC: [8] Use of undefined constant example - assumed 'example' E:\phpstudy\WWW\zhuangxiu\Application\Home\Controller\IndexController.class.php 第 17 行.
INFO: [ view_parse ] --START--
INFO: [ template_filter ] --START--
INFO: Run Behavior\ContentReplace [ RunTime:0.000082s ]
INFO: [ template_filter ] --END-- [ RunTime:0.000171s ]
INFO: Run Behavior\ParseTemplate [ RunTime:0.010564s ]
INFO: [ view_parse ] --END-- [ RunTime:0.010662s ]
INFO: [ view_filter ] --START--
INFO: Run Behavior\WriteHtmlCache [ RunTime:0.000287s ]
INFO: [ view_filter ] --END-- [ RunTime:0.000348s ]
INFO: [ app_end ] --START--
INFO: Run Behavior\ShowPageTrace [ RunTime:0.000778s ]
INFO: [ app_end ] --END-- [ RunTime:0.001206s ]

[ 2017-06-22T14:33:05+08:00 ] 192.168.1.19 /index.php/Home/Index/num/num/2.html
INFO: [ app_begin ] --START--
INFO: Run Behavior\ReadHtmlCache [ RunTime:0.001276s ]
INFO: [ app_begin ] --END-- [ RunTime:0.002230s ]
NOTIC: [8] Use of undefined constant example - assumed 'example' E:\phpstudy\WWW\zhuangxiu\Application\Home\Controller\IndexController.class.php 第 17 行.
INFO: [ view_parse ] --START--
INFO: [ template_filter ] --START--
INFO: Run Behavior\ContentReplace [ RunTime:0.000095s ]
INFO: [ template_filter ] --END-- [ RunTime:0.000200s ]
INFO: Run Behavior\ParseTemplate [ RunTime:0.012100s ]
INFO: [ view_parse ] --END-- [ RunTime:0.012231s ]
INFO: [ view_filter ] --START--
INFO: Run Behavior\WriteHtmlCache [ RunTime:0.000674s ]
INFO: [ view_filter ] --END-- [ RunTime:0.000757s ]
INFO: [ app_end ] --START--
INFO: Run Behavior\ShowPageTrace [ RunTime:0.001300s ]
INFO: [ app_end ] --END-- [ RunTime:0.001438s ]

